# JRE version: Java(TM) SE Runtime Environment (18.0.2+9) (build 18.0.2+9-61)
# Java VM: Java HotSpot(TM) 64-Bit Server VM (18.0.2+9-61, mixed mode, sharing, tiered, compressed oops, compressed class ptrs, g1 gc, windows-amd64)
GC Precious Log:
 CardTable entry size: 512
 Card Set container configuration: InlinePtr #cards 5 size 8 Array Of Cards #cards 12 size 40 Howl #buckets 4 coarsen threshold 1843 Howl Bitmap #cards 512 size 80 coarsen threshold 460 Card regions per heap region 1 cards per card region 2048
 CPUs: 8 total, 8 available
 Memory: 16161M
 Large Page Support: Disabled
 NUMA Support: Disabled
 Compressed Oops: Enabled (32-bit)
 Heap Region Size: 1M
 Heap Min Capacity: 256M
 Heap Initial Capacity: 256M
 Heap Max Capacity: 512M
 Pre-touch: Disabled
 Parallel Workers: 8
 Concurrent Workers: 2
 Concurrent Refinement Workers: 8
 Periodic GC: Disabled
Heap:
 garbage-first heap   total 262144K, used 87323K [0x00000000e0000000, 0x0000000100000000)
  region size 1024K, 74 young (75776K), 12 survivors (12288K)
 Metaspace       used 30333K, committed 31360K, reserved 380928K
  class space    used 4296K, committed 4800K, reserved 315392K
GC Heap History (8 events):
Event: 0.848 GC heap before
{Heap before GC invocations=0 (full 0):
 garbage-first heap   total 262144K, used 22528K [0x00000000e0000000, 0x0000000100000000)
  region size 1024K, 23 young (23552K), 0 survivors (0K)
 Metaspace       used 1053K, committed 1216K, reserved 380928K
  class space    used 72K, committed 128K, reserved 315392K
}
Event: 0.852 GC heap after
{Heap after GC invocations=1 (full 0):
 garbage-first heap   total 262144K, used 3800K [0x00000000e0000000, 0x0000000100000000)
  region size 1024K, 3 young (3072K), 3 survivors (3072K)
 Metaspace       used 1053K, committed 1216K, reserved 380928K
  class space    used 72K, committed 128K, reserved 315392K
}
Event: 3.530 GC heap before
{Heap before GC invocations=1 (full 0):
 garbage-first heap   total 262144K, used 38616K [0x00000000e0000000, 0x0000000100000000)
  region size 1024K, 35 young (35840K), 3 survivors (3072K)
 Metaspace       used 4299K, committed 4480K, reserved 380928K
  class space    used 528K, committed 640K, reserved 315392K
}
Event: 3.534 GC heap after
{Heap after GC invocations=2 (full 0):
 garbage-first heap   total 262144K, used 11369K [0x00000000e0000000, 0x0000000100000000)
  region size 1024K, 5 young (5120K), 5 survivors (5120K)
 Metaspace       used 4299K, committed 4480K, reserved 380928K
  class space    used 528K, committed 640K, reserved 315392K
}
Event: 4.974 GC heap before
{Heap before GC invocations=2 (full 0):
 garbage-first heap   total 262144K, used 60521K [0x00000000e0000000, 0x0000000100000000)
  region size 1024K, 51 young (52224K), 5 survivors (5120K)
 Metaspace       used 4819K, committed 5056K, reserved 380928K
  class space    used 616K, committed 704K, reserved 315392K
}
Event: 4.981 GC heap after
{Heap after GC invocations=3 (full 0):
 garbage-first heap   total 262144K, used 16917K [0x00000000e0000000, 0x0000000100000000)
  region size 1024K, 5 young (5120K), 5 survivors (5120K)
 Metaspace       used 4819K, committed 5056K, reserved 380928K
  class space    used 616K, committed 704K, reserved 315392K
}
Event: 12.287 GC heap before
{Heap before GC invocations=3 (full 0):
 garbage-first heap   total 262144K, used 114197K [0x00000000e0000000, 0x0000000100000000)
  region size 1024K, 101 young (103424K), 5 survivors (5120K)
 Metaspace       used 20857K, committed 21504K, reserved 380928K
  class space    used 3025K, committed 3392K, reserved 315392K
}
Event: 12.296 GC heap after
{Heap after GC invocations=4 (full 0):
 garbage-first heap   total 262144K, used 23835K [0x00000000e0000000, 0x0000000100000000)
  region size 1024K, 12 young (12288K), 12 survivors (12288K)
 Metaspace       used 20857K, committed 21504K, reserved 380928K
  class space    used 3025K, committed 3392K, reserved 315392K
}

